Arguments: 
  /Users/acanino/.nvm/versions/node/v16.15.0/bin/node /Users/acanino/.nvm/versions/node/v16.15.0/bin/yarn install --lock-file

PATH: 
  /Users/acanino/.nvm/versions/node/v16.15.0/bin:/Users/acanino/.nvm/versions/node/v12.22.12/bin:/Users/acanino/.nvm/versions/node/v16.15.0/bin:/Users/acanino/.nvm/versions/node/v14.19.2/bin:/Users/acanino/.nvm/versions/node/v12.22.12/bin:/Users/acanino/.nvm/versions/node/v16.15.0/bin:/usr/local/bin:/usr/bin:/bin:/usr/sbin:/sbin:/usr/local/go/bin:/Users/acanino/.nvm/versions/node/v16.15.0/bin

Yarn version: 
  1.22.18

Node version: 
  16.15.0

Platform: 
  darwin x64

Trace: 
  Error: https://registry.yarnpkg.com/openzeppelin: Not found
      at Request.params.callback [as _callback] (/Users/acanino/.nvm/versions/node/v16.15.0/lib/node_modules/yarn/lib/cli.js:66138:18)
      at Request.self.callback (/Users/acanino/.nvm/versions/node/v16.15.0/lib/node_modules/yarn/lib/cli.js:140883:22)
      at Request.emit (node:events:527:28)
      at Request.<anonymous> (/Users/acanino/.nvm/versions/node/v16.15.0/lib/node_modules/yarn/lib/cli.js:141855:10)
      at Request.emit (node:events:527:28)
      at IncomingMessage.<anonymous> (/Users/acanino/.nvm/versions/node/v16.15.0/lib/node_modules/yarn/lib/cli.js:141777:12)
      at Object.onceWrapper (node:events:641:28)
      at IncomingMessage.emit (node:events:539:35)
      at endReadableNT (node:internal/streams/readable:1345:12)
      at processTicksAndRejections (node:internal/process/task_queues:83:21)

npm manifest: 
  {
    "dependencies": {
      "hardhat": "^2.12.2"
    },
    "devDependencies": {
      "@nomicfoundation/hardhat-toolbox": "^2.0.0",
      "openzeppelin": "@openzeppelin/contracts"
    }
  }

yarn manifest: 
  No manifest

Lockfile: 
  No lockfile
